# JRE version: OpenJDK Runtime Environment Temurin-17.0.7+7 (17.0.7+7) (build 17.0.7+7)
# Java VM: OpenJDK 64-Bit Server VM Temurin-17.0.7+7 (17.0.7+7, mixed mode, tiered, compressed oops, compressed class ptrs, g1 gc, bsd-amd64)
Heap:
 garbage-first heap   total 262144K, used 137687K [0x00000007c0000000, 0x0000000800000000)
  region size 1024K, 19 young (19456K), 14 survivors (14336K)
 Metaspace       used 46779K, committed 47104K, reserved 1114112K
  class space    used 4728K, committed 4864K, reserved 1048576K
GC Heap History (20 events):
Event: 4.856 GC heap before
{Heap before GC invocations=9 (full 0):
 garbage-first heap   total 262144K, used 173878K [0x00000007c0000000, 0x0000000800000000)
  region size 1024K, 128 young (131072K), 2 survivors (2048K)
 Metaspace       used 41983K, committed 42176K, reserved 1114112K
  class space    used 4254K, committed 4352K, reserved 1048576K
}
Event: 4.859 GC heap after
{Heap after GC invocations=10 (full 0):
 garbage-first heap   total 262144K, used 49736K [0x00000007c0000000, 0x0000000800000000)
  region size 1024K, 6 young (6144K), 6 survivors (6144K)
 Metaspace       used 41983K, committed 42176K, reserved 1114112K
  class space    used 4254K, committed 4352K, reserved 1048576K
}
Event: 5.553 GC heap before
{Heap before GC invocations=10 (full 0):
 garbage-first heap   total 262144K, used 185928K [0x00000007c0000000, 0x0000000800000000)
  region size 1024K, 139 young (142336K), 6 survivors (6144K)
 Metaspace       used 42770K, committed 43072K, reserved 1114112K
  class space    used 4341K, committed 4480K, reserved 1048576K
}
Event: 5.555 GC heap after
{Heap after GC invocations=11 (full 0):
 garbage-first heap   total 262144K, used 51334K [0x00000007c0000000, 0x0000000800000000)
  region size 1024K, 8 young (8192K), 8 survivors (8192K)
 Metaspace       used 42770K, committed 43072K, reserved 1114112K
  class space    used 4341K, committed 4480K, reserved 1048576K
}
Event: 5.988 GC heap before
{Heap before GC invocations=11 (full 0):
 garbage-first heap   total 262144K, used 195718K [0x00000007c0000000, 0x0000000800000000)
  region size 1024K, 150 young (153600K), 8 survivors (8192K)
 Metaspace       used 42857K, committed 43136K, reserved 1114112K
  class space    used 4344K, committed 4480K, reserved 1048576K
}
Event: 5.992 GC heap after
{Heap after GC invocations=12 (full 0):
 garbage-first heap   total 262144K, used 58383K [0x00000007c0000000, 0x0000000800000000)
  region size 1024K, 15 young (15360K), 15 survivors (15360K)
 Metaspace       used 42857K, committed 43136K, reserved 1114112K
  class space    used 4344K, committed 4480K, reserved 1048576K
}
Event: 6.299 GC heap before
{Heap before GC invocations=12 (full 0):
 garbage-first heap   total 262144K, used 199695K [0x00000007c0000000, 0x0000000800000000)
  region size 1024K, 153 young (156672K), 15 survivors (15360K)
 Metaspace       used 43051K, committed 43328K, reserved 1114112K
  class space    used 4368K, committed 4480K, reserved 1048576K
}
Event: 6.303 GC heap after
{Heap after GC invocations=13 (full 0):
 garbage-first heap   total 262144K, used 58640K [0x00000007c0000000, 0x0000000800000000)
  region size 1024K, 10 young (10240K), 10 survivors (10240K)
 Metaspace       used 43051K, committed 43328K, reserved 1114112K
  class space    used 4368K, committed 4480K, reserved 1048576K
}
Event: 6.679 GC heap before
{Heap before GC invocations=13 (full 0):
 garbage-first heap   total 262144K, used 200976K [0x00000007c0000000, 0x0000000800000000)
  region size 1024K, 149 young (152576K), 10 survivors (10240K)
 Metaspace       used 43287K, committed 43520K, reserved 1114112K
  class space    used 4377K, committed 4480K, reserved 1048576K
}
Event: 6.683 GC heap after
{Heap after GC invocations=14 (full 0):
 garbage-first heap   total 262144K, used 63722K [0x00000007c0000000, 0x0000000800000000)
  region size 1024K, 14 young (14336K), 14 survivors (14336K)
 Metaspace       used 43287K, committed 43520K, reserved 1114112K
  class space    used 4377K, committed 4480K, reserved 1048576K
}
Event: 7.023 GC heap before
{Heap before GC invocations=14 (full 0):
 garbage-first heap   total 262144K, used 205034K [0x00000007c0000000, 0x0000000800000000)
  region size 1024K, 152 young (155648K), 14 survivors (14336K)
 Metaspace       used 43541K, committed 43776K, reserved 1114112K
  class space    used 4383K, committed 4480K, reserved 1048576K
}
Event: 7.028 GC heap after
{Heap after GC invocations=15 (full 0):
 garbage-first heap   total 262144K, used 66847K [0x00000007c0000000, 0x0000000800000000)
  region size 1024K, 9 young (9216K), 9 survivors (9216K)
 Metaspace       used 43541K, committed 43776K, reserved 1114112K
  class space    used 4383K, committed 4480K, reserved 1048576K
}
Event: 7.316 GC heap before
{Heap before GC invocations=15 (full 0):
 garbage-first heap   total 262144K, used 207135K [0x00000007c0000000, 0x0000000800000000)
  region size 1024K, 147 young (150528K), 9 survivors (9216K)
 Metaspace       used 43669K, committed 43904K, reserved 1114112K
  class space    used 4384K, committed 4480K, reserved 1048576K
}
Event: 7.320 GC heap after
{Heap after GC invocations=16 (full 0):
 garbage-first heap   total 262144K, used 77880K [0x00000007c0000000, 0x0000000800000000)
  region size 1024K, 19 young (19456K), 19 survivors (19456K)
 Metaspace       used 43669K, committed 43904K, reserved 1114112K
  class space    used 4384K, committed 4480K, reserved 1048576K
}
Event: 7.748 GC heap before
{Heap before GC invocations=16 (full 0):
 garbage-first heap   total 262144K, used 203832K [0x00000007c0000000, 0x0000000800000000)
  region size 1024K, 143 young (146432K), 19 survivors (19456K)
 Metaspace       used 43861K, committed 44160K, reserved 1114112K
  class space    used 4399K, committed 4544K, reserved 1048576K
}
Event: 7.755 GC heap after
{Heap after GC invocations=17 (full 0):
 garbage-first heap   total 262144K, used 80123K [0x00000007c0000000, 0x0000000800000000)
  region size 1024K, 3 young (3072K), 3 survivors (3072K)
 Metaspace       used 43861K, committed 44160K, reserved 1114112K
  class space    used 4399K, committed 4544K, reserved 1048576K
}
Event: 8.183 GC heap before
{Heap before GC invocations=17 (full 0):
 garbage-first heap   total 262144K, used 222459K [0x00000007c0000000, 0x0000000800000000)
  region size 1024K, 130 young (133120K), 3 survivors (3072K)
 Metaspace       used 44319K, committed 44608K, reserved 1114112K
  class space    used 4459K, committed 4608K, reserved 1048576K
}
Event: 8.189 GC heap after
{Heap after GC invocations=18 (full 0):
 garbage-first heap   total 262144K, used 109551K [0x00000007c0000000, 0x0000000800000000)
  region size 1024K, 17 young (17408K), 17 survivors (17408K)
 Metaspace       used 44319K, committed 44608K, reserved 1114112K
  class space    used 4459K, committed 4608K, reserved 1048576K
}
Event: 8.881 GC heap before
{Heap before GC invocations=18 (full 0):
 garbage-first heap   total 262144K, used 201711K [0x00000007c0000000, 0x0000000800000000)
  region size 1024K, 106 young (108544K), 17 survivors (17408K)
 Metaspace       used 46744K, committed 47104K, reserved 1114112K
  class space    used 4727K, committed 4864K, reserved 1048576K
}
Event: 8.890 GC heap after
{Heap after GC invocations=19 (full 0):
 garbage-first heap   total 262144K, used 133119K [0x00000007c0000000, 0x0000000800000000)
  region size 1024K, 14 young (14336K), 14 survivors (14336K)
 Metaspace       used 46744K, committed 47104K, reserved 1114112K
  class space    used 4727K, committed 4864K, reserved 1048576K
}

