# JRE version: OpenJDK Runtime Environment Temurin-17.0.7+7 (17.0.7+7) (build 17.0.7+7)
# Java VM: OpenJDK 64-Bit Server VM Temurin-17.0.7+7 (17.0.7+7, mixed mode, tiered, compressed oops, compressed class ptrs, g1 gc, bsd-amd64)
Heap:
 garbage-first heap   total 355328K, used 154267K [0x00000007c0000000, 0x0000000800000000)
  region size 1024K, 54 young (55296K), 4 survivors (4096K)
 Metaspace       used 65031K, committed 67200K, reserved 1179648K
  class space    used 6299K, committed 7104K, reserved 1048576K
GC Heap History (20 events):
Event: 11754.567 GC heap before
{Heap before GC invocations=1831 (full 0):
 garbage-first heap   total 437248K, used 146851K [0x00000007c0000000, 0x0000000800000000)
  region size 1024K, 6 young (6144K), 2 survivors (2048K)
 Metaspace       used 63682K, committed 67200K, reserved 1179648K
  class space    used 6138K, committed 7104K, reserved 1048576K
}
Event: 11754.570 GC heap after
{Heap after GC invocations=1832 (full 0):
 garbage-first heap   total 681984K, used 143468K [0x00000007c0000000, 0x0000000800000000)
  region size 1024K, 2 young (2048K), 2 survivors (2048K)
 Metaspace       used 63682K, committed 67200K, reserved 1179648K
  class space    used 6138K, committed 7104K, reserved 1048576K
}
Event: 11769.888 GC heap before
{Heap before GC invocations=1833 (full 0):
 garbage-first heap   total 495616K, used 429164K [0x00000007c0000000, 0x0000000800000000)
  region size 1024K, 266 young (272384K), 2 survivors (2048K)
 Metaspace       used 64129K, committed 67200K, reserved 1179648K
  class space    used 6191K, committed 7104K, reserved 1048576K
}
Event: 11769.932 GC heap after
{Heap after GC invocations=1834 (full 0):
 garbage-first heap   total 495616K, used 189753K [0x00000007c0000000, 0x0000000800000000)
  region size 1024K, 35 young (35840K), 35 survivors (35840K)
 Metaspace       used 64129K, committed 67200K, reserved 1179648K
  class space    used 6191K, committed 7104K, reserved 1048576K
}
Event: 11769.939 GC heap before
{Heap before GC invocations=1834 (full 0):
 garbage-first heap   total 495616K, used 189753K [0x00000007c0000000, 0x0000000800000000)
  region size 1024K, 36 young (36864K), 35 survivors (35840K)
 Metaspace       used 64129K, committed 67200K, reserved 1179648K
  class space    used 6191K, committed 7104K, reserved 1048576K
}
Event: 11769.961 GC heap after
{Heap after GC invocations=1835 (full 0):
 garbage-first heap   total 495616K, used 185697K [0x00000007c0000000, 0x0000000800000000)
  region size 1024K, 2 young (2048K), 2 survivors (2048K)
 Metaspace       used 64129K, committed 67200K, reserved 1179648K
  class space    used 6191K, committed 7104K, reserved 1048576K
}
Event: 11773.232 GC heap before
{Heap before GC invocations=1835 (full 0):
 garbage-first heap   total 495616K, used 362849K [0x00000007c0000000, 0x0000000800000000)
  region size 1024K, 176 young (180224K), 2 survivors (2048K)
 Metaspace       used 64352K, committed 67200K, reserved 1179648K
  class space    used 6218K, committed 7104K, reserved 1048576K
}
Event: 11773.234 GC heap after
{Heap after GC invocations=1836 (full 0):
 garbage-first heap   total 495616K, used 185804K [0x00000007c0000000, 0x0000000800000000)
  region size 1024K, 2 young (2048K), 2 survivors (2048K)
 Metaspace       used 64352K, committed 67200K, reserved 1179648K
  class space    used 6218K, committed 7104K, reserved 1048576K
}
Event: 11781.498 GC heap before
{Heap before GC invocations=1837 (full 0):
 garbage-first heap   total 467968K, used 307660K [0x00000007c0000000, 0x0000000800000000)
  region size 1024K, 188 young (192512K), 2 survivors (2048K)
 Metaspace       used 64577K, committed 67200K, reserved 1179648K
  class space    used 6245K, committed 7104K, reserved 1048576K
}
Event: 11781.501 GC heap after
{Heap after GC invocations=1838 (full 0):
 garbage-first heap   total 467968K, used 118603K [0x00000007c0000000, 0x0000000800000000)
  region size 1024K, 2 young (2048K), 2 survivors (2048K)
 Metaspace       used 64577K, committed 67200K, reserved 1179648K
  class space    used 6245K, committed 7104K, reserved 1048576K
}
Event: 11781.536 GC heap before
{Heap before GC invocations=1838 (full 0):
 garbage-first heap   total 467968K, used 139083K [0x00000007c0000000, 0x0000000800000000)
  region size 1024K, 22 young (22528K), 2 survivors (2048K)
 Metaspace       used 64577K, committed 67200K, reserved 1179648K
  class space    used 6245K, committed 7104K, reserved 1048576K
}
Event: 11781.537 GC heap after
{Heap after GC invocations=1839 (full 0):
 garbage-first heap   total 467968K, used 104308K [0x00000007c0000000, 0x0000000800000000)
  region size 1024K, 2 young (2048K), 2 survivors (2048K)
 Metaspace       used 64577K, committed 67200K, reserved 1179648K
  class space    used 6245K, committed 7104K, reserved 1048576K
}
Event: 11787.918 GC heap before
{Heap before GC invocations=1839 (full 0):
 garbage-first heap   total 467968K, used 350068K [0x00000007c0000000, 0x0000000800000000)
  region size 1024K, 243 young (248832K), 2 survivors (2048K)
 Metaspace       used 65027K, committed 67200K, reserved 1179648K
  class space    used 6298K, committed 7104K, reserved 1048576K
}
Event: 11787.921 GC heap after
{Heap after GC invocations=1840 (full 0):
 garbage-first heap   total 467968K, used 104305K [0x00000007c0000000, 0x0000000800000000)
  region size 1024K, 2 young (2048K), 2 survivors (2048K)
 Metaspace       used 65027K, committed 67200K, reserved 1179648K
  class space    used 6298K, committed 7104K, reserved 1048576K
}
Event: 11791.811 GC heap before
{Heap before GC invocations=1841 (full 0):
 garbage-first heap   total 413696K, used 361329K [0x00000007c0000000, 0x0000000800000000)
  region size 1024K, 254 young (260096K), 2 survivors (2048K)
 Metaspace       used 65030K, committed 67200K, reserved 1179648K
  class space    used 6299K, committed 7104K, reserved 1048576K
}
Event: 11791.814 GC heap after
{Heap after GC invocations=1842 (full 0):
 garbage-first heap   total 413696K, used 104836K [0x00000007c0000000, 0x0000000800000000)
  region size 1024K, 2 young (2048K), 2 survivors (2048K)
 Metaspace       used 65030K, committed 67200K, reserved 1179648K
  class space    used 6299K, committed 7104K, reserved 1048576K
}
Event: 11805.815 GC heap before
{Heap before GC invocations=1842 (full 0):
 garbage-first heap   total 413696K, used 122244K [0x00000007c0000000, 0x0000000800000000)
  region size 1024K, 20 young (20480K), 2 survivors (2048K)
 Metaspace       used 65030K, committed 67200K, reserved 1179648K
  class space    used 6299K, committed 7104K, reserved 1048576K
}
Event: 11805.818 GC heap after
{Heap after GC invocations=1843 (full 0):
 garbage-first heap   total 413696K, used 100934K [0x00000007c0000000, 0x0000000800000000)
  region size 1024K, 2 young (2048K), 2 survivors (2048K)
 Metaspace       used 65030K, committed 67200K, reserved 1179648K
  class space    used 6299K, committed 7104K, reserved 1048576K
}
Event: 11879.040 GC heap before
{Heap before GC invocations=1843 (full 0):
 garbage-first heap   total 413696K, used 177734K [0x00000007c0000000, 0x0000000800000000)
  region size 1024K, 79 young (80896K), 2 survivors (2048K)
 Metaspace       used 65030K, committed 67200K, reserved 1179648K
  class space    used 6299K, committed 7104K, reserved 1048576K
}
Event: 11879.055 GC heap after
{Heap after GC invocations=1844 (full 0):
 garbage-first heap   total 413696K, used 102443K [0x00000007c0000000, 0x0000000800000000)
  region size 1024K, 4 young (4096K), 4 survivors (4096K)
 Metaspace       used 65030K, committed 67200K, reserved 1179648K
  class space    used 6299K, committed 7104K, reserved 1048576K
}

