# JRE version: OpenJDK Runtime Environment Temurin-17.0.7+7 (17.0.7+7) (build 17.0.7+7)
# Java VM: OpenJDK 64-Bit Server VM Temurin-17.0.7+7 (17.0.7+7, mixed mode, tiered, compressed oops, compressed class ptrs, g1 gc, bsd-amd64)
Heap:
 garbage-first heap   total 329728K, used 173817K [0x00000007c0000000, 0x0000000800000000)
  region size 1024K, 37 young (37888K), 18 survivors (18432K)
 Metaspace       used 48573K, committed 48960K, reserved 1114112K
  class space    used 4810K, committed 4992K, reserved 1048576K
GC Heap History (20 events):
Event: 11.737 GC heap before
{Heap before GC invocations=27 (full 0):
 garbage-first heap   total 329728K, used 236625K [0x00000007c0000000, 0x0000000800000000)
  region size 1024K, 89 young (91136K), 2 survivors (2048K)
 Metaspace       used 47749K, committed 48128K, reserved 1114112K
  class space    used 4757K, committed 4928K, reserved 1048576K
}
Event: 11.738 GC heap after
{Heap after GC invocations=28 (full 0):
 garbage-first heap   total 329728K, used 146667K [0x00000007c0000000, 0x0000000800000000)
  region size 1024K, 1 young (1024K), 1 survivors (1024K)
 Metaspace       used 47749K, committed 48128K, reserved 1114112K
  class space    used 4757K, committed 4928K, reserved 1048576K
}
Event: 11.748 GC heap before
{Heap before GC invocations=28 (full 0):
 garbage-first heap   total 329728K, used 162027K [0x00000007c0000000, 0x0000000800000000)
  region size 1024K, 16 young (16384K), 1 survivors (1024K)
 Metaspace       used 47749K, committed 48128K, reserved 1114112K
  class space    used 4757K, committed 4928K, reserved 1048576K
}
Event: 11.754 GC heap after
{Heap after GC invocations=29 (full 0):
 garbage-first heap   total 329728K, used 131072K [0x00000007c0000000, 0x0000000800000000)
  region size 1024K, 1 young (1024K), 1 survivors (1024K)
 Metaspace       used 47749K, committed 48128K, reserved 1114112K
  class space    used 4757K, committed 4928K, reserved 1048576K
}
Event: 11.818 GC heap before
{Heap before GC invocations=29 (full 0):
 garbage-first heap   total 329728K, used 236544K [0x00000007c0000000, 0x0000000800000000)
  region size 1024K, 104 young (106496K), 1 survivors (1024K)
 Metaspace       used 47749K, committed 48128K, reserved 1114112K
  class space    used 4757K, committed 4928K, reserved 1048576K
}
Event: 11.819 GC heap after
{Heap after GC invocations=30 (full 0):
 garbage-first heap   total 329728K, used 131021K [0x00000007c0000000, 0x0000000800000000)
  region size 1024K, 1 young (1024K), 1 survivors (1024K)
 Metaspace       used 47749K, committed 48128K, reserved 1114112K
  class space    used 4757K, committed 4928K, reserved 1048576K
}
Event: 11.921 GC heap before
{Heap before GC invocations=30 (full 0):
 garbage-first heap   total 329728K, used 244685K [0x00000007c0000000, 0x0000000800000000)
  region size 1024K, 112 young (114688K), 1 survivors (1024K)
 Metaspace       used 47750K, committed 48128K, reserved 1114112K
  class space    used 4757K, committed 4928K, reserved 1048576K
}
Event: 11.925 GC heap after
{Heap after GC invocations=31 (full 0):
 garbage-first heap   total 329728K, used 131061K [0x00000007c0000000, 0x0000000800000000)
  region size 1024K, 1 young (1024K), 1 survivors (1024K)
 Metaspace       used 47750K, committed 48128K, reserved 1114112K
  class space    used 4757K, committed 4928K, reserved 1048576K
}
Event: 11.988 GC heap before
{Heap before GC invocations=31 (full 0):
 garbage-first heap   total 329728K, used 251893K [0x00000007c0000000, 0x0000000800000000)
  region size 1024K, 119 young (121856K), 1 survivors (1024K)
 Metaspace       used 47750K, committed 48128K, reserved 1114112K
  class space    used 4757K, committed 4928K, reserved 1048576K
}
Event: 11.990 GC heap after
{Heap after GC invocations=32 (full 0):
 garbage-first heap   total 329728K, used 131070K [0x00000007c0000000, 0x0000000800000000)
  region size 1024K, 1 young (1024K), 1 survivors (1024K)
 Metaspace       used 47750K, committed 48128K, reserved 1114112K
  class space    used 4757K, committed 4928K, reserved 1048576K
}
Event: 12.040 GC heap before
{Heap before GC invocations=32 (full 0):
 garbage-first heap   total 329728K, used 259070K [0x00000007c0000000, 0x0000000800000000)
  region size 1024K, 126 young (129024K), 1 survivors (1024K)
 Metaspace       used 47750K, committed 48128K, reserved 1114112K
  class space    used 4757K, committed 4928K, reserved 1048576K
}
Event: 12.041 GC heap after
{Heap after GC invocations=33 (full 0):
 garbage-first heap   total 329728K, used 131071K [0x00000007c0000000, 0x0000000800000000)
  region size 1024K, 1 young (1024K), 1 survivors (1024K)
 Metaspace       used 47750K, committed 48128K, reserved 1114112K
  class space    used 4757K, committed 4928K, reserved 1048576K
}
Event: 12.104 GC heap before
{Heap before GC invocations=33 (full 0):
 garbage-first heap   total 329728K, used 265215K [0x00000007c0000000, 0x0000000800000000)
  region size 1024K, 132 young (135168K), 1 survivors (1024K)
 Metaspace       used 47750K, committed 48128K, reserved 1114112K
  class space    used 4757K, committed 4928K, reserved 1048576K
}
Event: 12.106 GC heap after
{Heap after GC invocations=34 (full 0):
 garbage-first heap   total 329728K, used 131089K [0x00000007c0000000, 0x0000000800000000)
  region size 1024K, 1 young (1024K), 1 survivors (1024K)
 Metaspace       used 47750K, committed 48128K, reserved 1114112K
  class space    used 4757K, committed 4928K, reserved 1048576K
}
Event: 13.235 GC heap before
{Heap before GC invocations=34 (full 0):
 garbage-first heap   total 329728K, used 269329K [0x00000007c0000000, 0x0000000800000000)
  region size 1024K, 136 young (139264K), 1 survivors (1024K)
 Metaspace       used 48165K, committed 48512K, reserved 1114112K
  class space    used 4789K, committed 4928K, reserved 1048576K
}
Event: 13.239 GC heap after
{Heap after GC invocations=35 (full 0):
 garbage-first heap   total 329728K, used 135760K [0x00000007c0000000, 0x0000000800000000)
  region size 1024K, 5 young (5120K), 5 survivors (5120K)
 Metaspace       used 48165K, committed 48512K, reserved 1114112K
  class space    used 4789K, committed 4928K, reserved 1048576K
}
Event: 14.238 GC heap before
{Heap before GC invocations=35 (full 0):
 garbage-first heap   total 329728K, used 271952K [0x00000007c0000000, 0x0000000800000000)
  region size 1024K, 138 young (141312K), 5 survivors (5120K)
 Metaspace       used 48393K, committed 48832K, reserved 1114112K
  class space    used 4808K, committed 4992K, reserved 1048576K
}
Event: 14.241 GC heap after
{Heap after GC invocations=36 (full 0):
 garbage-first heap   total 329728K, used 136028K [0x00000007c0000000, 0x0000000800000000)
  region size 1024K, 5 young (5120K), 5 survivors (5120K)
 Metaspace       used 48393K, committed 48832K, reserved 1114112K
  class space    used 4808K, committed 4992K, reserved 1048576K
}
Event: 15.098 GC heap before
{Heap before GC invocations=36 (full 0):
 garbage-first heap   total 329728K, used 275292K [0x00000007c0000000, 0x0000000800000000)
  region size 1024K, 142 young (145408K), 5 survivors (5120K)
 Metaspace       used 48528K, committed 48896K, reserved 1114112K
  class space    used 4809K, committed 4992K, reserved 1048576K
}
Event: 15.105 GC heap after
{Heap after GC invocations=37 (full 0):
 garbage-first heap   total 329728K, used 154361K [0x00000007c0000000, 0x0000000800000000)
  region size 1024K, 18 young (18432K), 18 survivors (18432K)
 Metaspace       used 48528K, committed 48896K, reserved 1114112K
  class space    used 4809K, committed 4992K, reserved 1048576K
}

