# JRE version: OpenJDK Runtime Environment Temurin-17.0.7+7 (17.0.7+7) (build 17.0.7+7)
# Java VM: OpenJDK 64-Bit Server VM Temurin-17.0.7+7 (17.0.7+7, mixed mode, tiered, compressed oops, compressed class ptrs, g1 gc, bsd-amd64)
Heap:
 garbage-first heap   total 40960K, used 16853K [0x0000000700000000, 0x0000000800000000)
  region size 2048K, 5 young (10240K), 2 survivors (4096K)
 Metaspace       used 30613K, committed 30848K, reserved 1114112K
  class space    used 3784K, committed 3904K, reserved 1048576K
GC Heap History (8 events):
Event: 1.918 GC heap before
{Heap before GC invocations=0 (full 0):
 garbage-first heap   total 262144K, used 20480K [0x0000000700000000, 0x0000000800000000)
  region size 2048K, 11 young (22528K), 0 survivors (0K)
 Metaspace       used 12262K, committed 12416K, reserved 1114112K
  class space    used 1303K, committed 1344K, reserved 1048576K
}
Event: 1.927 GC heap after
{Heap after GC invocations=1 (full 0):
 garbage-first heap   total 262144K, used 5311K [0x0000000700000000, 0x0000000800000000)
  region size 2048K, 2 young (4096K), 2 survivors (4096K)
 Metaspace       used 12262K, committed 12416K, reserved 1114112K
  class space    used 1303K, committed 1344K, reserved 1048576K
}
Event: 3.819 GC heap before
{Heap before GC invocations=1 (full 0):
 garbage-first heap   total 262144K, used 31935K [0x0000000700000000, 0x0000000800000000)
  region size 2048K, 16 young (32768K), 2 survivors (4096K)
 Metaspace       used 21335K, committed 21440K, reserved 1114112K
  class space    used 2522K, committed 2560K, reserved 1048576K
}
Event: 3.830 GC heap after
{Heap after GC invocations=2 (full 0):
 garbage-first heap   total 262144K, used 9693K [0x0000000700000000, 0x0000000800000000)
  region size 2048K, 2 young (4096K), 2 survivors (4096K)
 Metaspace       used 21335K, committed 21440K, reserved 1114112K
  class space    used 2522K, committed 2560K, reserved 1048576K
}
Event: 3.855 GC heap before
{Heap before GC invocations=2 (full 0):
 garbage-first heap   total 262144K, used 9693K [0x0000000700000000, 0x0000000800000000)
  region size 2048K, 3 young (6144K), 2 survivors (4096K)
 Metaspace       used 21414K, committed 21504K, reserved 1114112K
  class space    used 2526K, committed 2560K, reserved 1048576K
}
Event: 3.858 GC heap after
{Heap after GC invocations=3 (full 0):
 garbage-first heap   total 262144K, used 9776K [0x0000000700000000, 0x0000000800000000)
  region size 2048K, 2 young (4096K), 2 survivors (4096K)
 Metaspace       used 21414K, committed 21504K, reserved 1114112K
  class space    used 2526K, committed 2560K, reserved 1048576K
}
Event: 5.542 GC heap before
{Heap before GC invocations=4 (full 0):
 garbage-first heap   total 40960K, used 28208K [0x0000000700000000, 0x0000000800000000)
  region size 2048K, 12 young (24576K), 2 survivors (4096K)
 Metaspace       used 29129K, committed 29312K, reserved 1114112K
  class space    used 3608K, committed 3712K, reserved 1048576K
}
Event: 5.548 GC heap after
{Heap after GC invocations=5 (full 0):
 garbage-first heap   total 40960K, used 11833K [0x0000000700000000, 0x0000000800000000)
  region size 2048K, 2 young (4096K), 2 survivors (4096K)
 Metaspace       used 29129K, committed 29312K, reserved 1114112K
  class space    used 3608K, committed 3712K, reserved 1048576K
}

